  Base.cpp
  Bases.cpp
  BOSimulator.cpp
  BOSSManager.cpp
  BuildingManager.cpp
  BuildingPlacer.cpp
  BuildOrder.cpp
  BuildOrderQueue.cpp
  CombatSimulation.cpp
  CombatCommander.cpp
  Common.cpp
  Dll.cpp
  FAP.cpp
  GameCommander.cpp
C:\Projects\bots\Steamhammer_source\Steamhammer_source\Steamhammer\Source\BOSSManager.cpp(240,69): warning C4267: 'argument': conversion from 'size_t' to 'const BOSS::UnitCountType', possible loss of data
  GameRecord.cpp
  GameRecordNow.cpp
  Grid.cpp
  GridAttacks.cpp
  GridBuildable.cpp
  GridCreep.cpp
  GridDistances.cpp
  GridInset.cpp
  GridRoom.cpp
  GridSafePath.cpp
  GridTasks.cpp
  GridTileRoom.cpp
  GridWalk.cpp
  GridZone.cpp
  InformationManager.cpp
  JSONTools.cpp
  Logger.cpp
  MacroAct.cpp
  MacroCommand.cpp
  MapGrid.cpp
  MapPartitions.cpp
  MapTools.cpp
  MicroAirToAir.cpp
  MicroDefilers.cpp
  MicroDetectors.cpp
  MicroHighTemplar.cpp
  MicroIrradiated.cpp
  MicroLurkers.cpp
  MicroManager.cpp
  Config.cpp
  Micro.cpp
  MicroMedics.cpp
  MicroMelee.cpp
  MicroMutas.cpp
  MicroOverlords.cpp
  MicroQueens.cpp
  MicroRanged.cpp
  MicroScourge.cpp
  MicroTanks.cpp
  MicroTransports.cpp
  OpeningTiming.cpp
  OpeningTimingRecord.cpp
  OpponentModel.cpp
  OpponentPlan.cpp
  OpsBoss.cpp
  ParseUtils.cpp
  PlayerSnapshot.cpp
  ProductionGoal.cpp
  ProductionManager.cpp
  Random.cpp
  ResourceInfo.cpp
  ScoutManager.cpp
  Skill.cpp
  SkillBattles.cpp
  SkillGasSteal.cpp
  SkillKit.cpp
  SkillLurkers.cpp
  SkillOffSunk.cpp
  SkillOpeningTiming.cpp
  SkillUnitTimings.cpp
  Squad.cpp
  SquadData.cpp
  SquadOrder.cpp
  StaticDefense.cpp
  StrategyBossZerg.cpp
  StrategyManager.cpp
  TacticsOrders.cpp
  Task.cpp
  Tasks.cpp
  The.cpp
  TimerManager.cpp
  UABAssert.cpp
  UAlbertaBotModule.cpp
  UnitData.cpp
  UnitUtil.cpp
  WorkerData.cpp
  WorkerManager.cpp
     Creating library C:\Projects\bots\Steamhammer_source\Steamhammer_source\Steamhammer\VisualStudio\\..\bin\Steamhammer.lib and object C:\Projects\bots\Steamhammer_source\Steamhammer_source\Steamhammer\VisualStudio\\..\bin\Steamhammer.exp
  Generating code
  Previous IPDB not found, fall back to full compilation.
  All 11963 functions were compiled because no usable IPDB/IOBJ from previous compilation was found.
  Finished generating code
  UAlbertaBot.vcxproj -> C:\Projects\bots\Steamhammer_source\Steamhammer_source\Steamhammer\bin\Steamhammer.dll
