C:\Program Files\Microsoft Visual Studio\2022\Community\MSBuild\Microsoft\VC\v150\Platforms\Win32\PlatformToolsets\v141_xp\Toolset.targets(39,5): warning MSB8051: Support for targeting Windows XP is deprecated and will not be present in future releases of Visual Studio. Please see https://go.microsoft.com/fwlink/?linkid=2023588 for more information.
  AIModule.cpp
c:\projects\bots\steamhammer_source\steamhammer_source\bwapilib\source\aimodule.cpp(1): fatal error C1083: Cannot open include file: 'BWAPI/AIModule.h': No such file or directory
  BulletType.cpp
  BWAPI.cpp
  Color.cpp
  DamageType.cpp
  Error.cpp
  Event.cpp
  ExplosionType.cpp
c:\projects\bots\steamhammer_source\steamhammer_source\bwapilib\source\color.cpp(1): fatal error C1083: Cannot open include file: 'BWAPI/Color.h': No such file or directory
c:\projects\bots\steamhammer_source\steamhammer_source\bwapilib\source\event.cpp(1): fatal error C1083: Cannot open include file: 'BWAPI/Event.h': No such file or directory
c:\projects\bots\steamhammer_source\steamhammer_source\bwapilib\source\bwapi.cpp(1): fatal error C1083: Cannot open include file: 'BWAPI.h': No such file or directory
  Filters.cpp
  Forceset.cpp
  Game.cpp
  GameType.cpp
c:\projects\bots\steamhammer_source\steamhammer_source\bwapilib\source\forceset.cpp(1): fatal error C1083: Cannot open include file: 'BWAPI/Forceset.h': No such file or directory
  Order.cpp
c:\projects\bots\steamhammer_source\steamhammer_source\bwapilib\source\filters.cpp(1): fatal error C1083: Cannot open include file: 'BWAPI/Filters.h': No such file or directory
c:\projects\bots\steamhammer_source\steamhammer_source\bwapilib\source\game.cpp(1): fatal error C1083: Cannot open include file: 'BWAPI/Game.h': No such file or directory
  Player.cpp
  Playerset.cpp
c:\projects\bots\steamhammer_source\steamhammer_source\bwapilib\source\player.cpp(1): fatal error C1083: Cannot open include file: 'BWAPI/Player.h': No such file or directory
c:\projects\bots\steamhammer_source\steamhammer_source\bwapilib\source\playerset.cpp(1): fatal error C1083: Cannot open include file: 'BWAPI/Playerset.h': No such file or directory
  PlayerType.cpp
  Position.cpp
c:\projects\bots\steamhammer_source\steamhammer_source\bwapilib\source\position.cpp(1): fatal error C1083: Cannot open include file: 'BWAPI/Position.h': No such file or directory
  Race.cpp
c:\projects\bots\steamhammer_source\steamhammer_source\bwapilib\source\damagetype.cpp(2): fatal error C1083: Cannot open include file: 'BWAPI/DamageType.h': No such file or directory
  Region.cpp
c:\projects\bots\steamhammer_source\steamhammer_source\bwapilib\source\region.cpp(1): fatal error C1083: Cannot open include file: 'BWAPI/Region.h': No such file or directory
c:\projects\bots\steamhammer_source\steamhammer_source\bwapilib\source\error.cpp(2): fatal error C1083: Cannot open include file: 'BWAPI/Error.h': No such file or directory
c:\projects\bots\steamhammer_source\steamhammer_source\bwapilib\source\bullettype.cpp(2): fatal error C1083: Cannot open include file: 'BWAPI/BulletType.h': No such file or directory
  Regionset.cpp
c:\projects\bots\steamhammer_source\steamhammer_source\bwapilib\source\explosiontype.cpp(2): fatal error C1083: Cannot open include file: 'BWAPI/ExplosionType.h': No such file or directory
  Streams.cpp
  TechType.cpp
  Unit.cpp
c:\projects\bots\steamhammer_source\steamhammer_source\bwapilib\source\regionset.cpp(1): fatal error C1083: Cannot open include file: 'BWAPI/Regionset.h': No such file or directory
c:\projects\bots\steamhammer_source\steamhammer_source\bwapilib\source\streams.cpp(1): fatal error C1083: Cannot open include file: 'BWAPI/Streams.h': No such file or directory
c:\projects\bots\steamhammer_source\steamhammer_source\bwapilib\source\unit.cpp(1): fatal error C1083: Cannot open include file: 'BWAPI/Unit.h': No such file or directory
  Unitset.cpp
  UnitCommand.cpp
c:\projects\bots\steamhammer_source\steamhammer_source\bwapilib\source\unitset.cpp(1): fatal error C1083: Cannot open include file: 'BWAPI/Unitset.h': No such file or directory
c:\projects\bots\steamhammer_source\steamhammer_source\bwapilib\unitcommand.cpp(1): fatal error C1083: Cannot open include file: 'BWAPI/UnitCommand.h': No such file or directory
  UnitCommandType.cpp
  UnitSizeType.cpp
  UnitType.cpp
c:\projects\bots\steamhammer_source\steamhammer_source\bwapilib\source\gametype.cpp(2): fatal error C1083: Cannot open include file: 'BWAPI/GameType.h': No such file or directory
  UpgradeType.cpp
c:\projects\bots\steamhammer_source\steamhammer_source\bwapilib\source\order.cpp(2): fatal error C1083: Cannot open include file: 'BWAPI/Order.h': No such file or directory
  WeaponType.cpp
c:\projects\bots\steamhammer_source\steamhammer_source\bwapilib\source\playertype.cpp(2): fatal error C1083: Cannot open include file: 'BWAPI/PlayerType.h': No such file or directory
c:\projects\bots\steamhammer_source\steamhammer_source\bwapilib\source\race.cpp(2): fatal error C1083: Cannot open include file: 'BWAPI/Race.h': No such file or directory
c:\projects\bots\steamhammer_source\steamhammer_source\bwapilib\source\techtype.cpp(2): fatal error C1083: Cannot open include file: 'BWAPI/TechType.h': No such file or directory
c:\projects\bots\steamhammer_source\steamhammer_source\bwapilib\source\unitcommandtype.cpp(2): fatal error C1083: Cannot open include file: 'BWAPI/UnitCommandType.h': No such file or directory
c:\projects\bots\steamhammer_source\steamhammer_source\bwapilib\source\unittype.cpp(6): fatal error C1083: Cannot open include file: 'BWAPI/UnitType.h': No such file or directory
c:\projects\bots\steamhammer_source\steamhammer_source\bwapilib\source\unitsizetype.cpp(2): fatal error C1083: Cannot open include file: 'BWAPI/UnitSizeType.h': No such file or directory
c:\projects\bots\steamhammer_source\steamhammer_source\bwapilib\source\upgradetype.cpp(2): fatal error C1083: Cannot open include file: 'BWAPI/UpgradeType.h': No such file or directory
c:\projects\bots\steamhammer_source\steamhammer_source\bwapilib\source\weapontype.cpp(2): fatal error C1083: Cannot open include file: 'BWAPI/UnitType.h': No such file or directory
