  Action.cpp
  AllPlayers.cpp
C:\Projects\bots\ualbertabot-master\ualbertabot-master\SparCraft\source\Timer.h(23,11): fatal error C1083: Cannot open include file: 'sys/time.h': No such file or directory
  AlphaBetaMove.cpp
  AlphaBetaSearch.cpp
C:\Projects\bots\ualbertabot-master\ualbertabot-master\SparCraft\source\Timer.h(23,11): fatal error C1083: Cannot open include file: 'sys/time.h': No such file or directory
  AnimationFrameData.cpp
  Common.cpp
  EnumData.cpp
  Game.cpp
C:\Projects\bots\ualbertabot-master\ualbertabot-master\SparCraft\source\Timer.h(23,11): fatal error C1083: Cannot open include file: 'sys/time.h': No such file or directory
  GameState.cpp
C:\Projects\bots\ualbertabot-master\ualbertabot-master\SparCraft\source\Timer.h(23,11): fatal error C1083: Cannot open include file: 'sys/time.h': No such file or directory
  Hash.cpp
  Logger.cpp
  MoveArray.cpp
  Player.cpp
  PlayerProperties.cpp
  Player_AlphaBeta.cpp
C:\Projects\bots\ualbertabot-master\ualbertabot-master\SparCraft\source\Timer.h(23,11): fatal error C1083: Cannot open include file: 'sys/time.h': No such file or directory
  Player_AttackClosest.cpp
  Player_AttackDPS.cpp
  Player_AttackWeakest.cpp
  Player_Cluster.cpp
  Player_Kiter.cpp
  Generating Code...
  Compiling...
  Player_KiterDPS.cpp
  Player_Kiter_NOKDPS.cpp
  Player_NOKDPS.cpp
  Player_PortfolioGreedySearch.cpp
C:\Projects\bots\ualbertabot-master\ualbertabot-master\SparCraft\source\Timer.h(23,11): fatal error C1083: Cannot open include file: 'sys/time.h': No such file or directory
  Player_Random.cpp
  Player_UCT.cpp
C:\Projects\bots\ualbertabot-master\ualbertabot-master\SparCraft\source\Timer.h(23,11): fatal error C1083: Cannot open include file: 'sys/time.h': No such file or directory
  PortfolioGreedySearch.cpp
C:\Projects\bots\ualbertabot-master\ualbertabot-master\SparCraft\source\Timer.h(23,11): fatal error C1083: Cannot open include file: 'sys/time.h': No such file or directory
  SparCraft.cpp
C:\Projects\bots\ualbertabot-master\ualbertabot-master\SparCraft\source\Timer.h(23,11): fatal error C1083: Cannot open include file: 'sys/time.h': No such file or directory
  SparCraftAssert.cpp
  SparCraftException.cpp
  Timer.cpp
C:\Projects\bots\ualbertabot-master\ualbertabot-master\SparCraft\source\Timer.h(23,11): fatal error C1083: Cannot open include file: 'sys/time.h': No such file or directory
  TranspositionTable.cpp
  UCTSearch.cpp
C:\Projects\bots\ualbertabot-master\ualbertabot-master\SparCraft\source\Timer.h(23,11): fatal error C1083: Cannot open include file: 'sys/time.h': No such file or directory
  Unit.cpp
  UnitProperties.cpp
  UnitScriptData.cpp
C:\Projects\bots\ualbertabot-master\ualbertabot-master\SparCraft\source\Timer.h(23,11): fatal error C1083: Cannot open include file: 'sys/time.h': No such file or directory
  WeaponProperties.cpp
  Generating Code...
